<?xml version="1.0" encoding="UTF-8"?>
<!-- Generated by org.testng.reporters.JUnitReportReporter -->
<testsuite hostname="LAPTOP-IJHO8QFI" failures="0" tests="5" name="TestRunner.OdyRunner" time="45.678" errors="0" timestamp="10 Oct 2024 16:46:47 GMT" skipped="0">
  <testcase classname="TestRunner.OdyRunner" name="runScenario" time="16.408"/>
  <testcase classname="TestRunner.OdyRunner" name="runScenario" time="10.222"/>
  <testcase classname="TestRunner.OdyRunner" name="runScenario" time="7.138"/>
  <testcase classname="TestRunner.OdyRunner" name="runScenario" time="5.708"/>
  <testcase classname="TestRunner.OdyRunner" name="runScenario" time="6.202"/>
</testsuite> <!-- TestRunner.OdyRunner -->
